{
  "RSpec": {
    "coverage": {
      "/Users/kakulgupta/Desktop/RUBY/Map/lib/Survey.rb": [
        1,
        1
      ],
      "/Users/kakulgupta/Desktop/RUBY/Map/lib/survey/plain.rb": [
        1,
        null,
        1,
        1,
        1,
        null,
        null,
        1,
        1,
        null,
        null,
        null,
        null
      ],
      "/Users/kakulgupta/Desktop/RUBY/Map/lib/survey/robot.rb": [
        1,
        1,
        1,
        8,
        8,
        8,
        null,
        null,
        1,
        1,
        null,
        null,
        1,
        4,
        4,
        4,
        null,
        null,
        1,
        0,
        0,
        0,
        null,
        null,
        1,
        null,
        1,
        1,
        1,
        null,
        0,
        0,
        null,
        0,
        0,
        null,
        0,
        0,
        null,
        null,
        1,
        null,
        null,
        1,
        null,
        1,
        1,
        1,
        null,
        0,
        0,
        null,
        0,
        0,
        null,
        0,
        0,
        null,
        null,
        1,
        null,
        null,
        1,
        null,
        1,
        1,
        null,
        0,
        null,
        0,
        null,
        0,
        null,
        null,
        1,
        null,
        null,
        null
      ],
      "/Users/kakulgupta/Desktop/RUBY/Map/spec/Survey/robot_spec.rb": [
        1,
        null,
        1,
        5,
        1,
        1,
        null,
        null,
        1,
        1,
        null,
        null,
        1,
        1,
        null,
        null,
        1,
        1,
        null,
        null
      ]
    },
    "timestamp": 1423115097
  }
}
